[debug] [2023-08-15T08:14:28.478Z] ----------------------------------------------------------------------
[debug] [2023-08-15T08:14:28.484Z] Command:       C:\Program Files\nodejs\node.exe C:\Users\Asus\AppData\Roaming\npm\node_modules\firebase-tools\lib\bin\firebase.js init
[debug] [2023-08-15T08:14:28.484Z] CLI Version:   12.4.7
[debug] [2023-08-15T08:14:28.485Z] Platform:      win32
[debug] [2023-08-15T08:14:28.486Z] Node Version:  v18.17.1
[debug] [2023-08-15T08:14:28.487Z] Time:          Tue Aug 15 2023 15:14:28 GMT+0700 (เวลาอินโดจีน)
[debug] [2023-08-15T08:14:28.487Z] ----------------------------------------------------------------------
[debug] 
[debug] [2023-08-15T08:14:28.498Z] > command requires scopes: ["email","openid","https://www.googleapis.com/auth/cloudplatformprojects.readonly","https://www.googleapis.com/auth/firebase","https://www.googleapis.com/auth/cloud-platform"]
[debug] [2023-08-15T08:14:28.499Z] > authorizing via signed-in user (jirawatkdm@gmail.com)
[info] 
     ######## #### ########  ######## ########     ###     ######  ########
     ##        ##  ##     ## ##       ##     ##  ##   ##  ##       ##
     ######    ##  ########  ######   ########  #########  ######  ######
     ##        ##  ##    ##  ##       ##     ## ##     ##       ## ##
     ##       #### ##     ## ######## ########  ##     ##  ######  ########

You're about to initialize a Firebase project in this directory:

  D:\GAME-2

[info] 
=== Project Setup
[info] 
[info] First, let's associate this project directory with a Firebase project.
[info] You can create multiple project aliases by running firebase use --add, 
[info] but for now we'll just set up a default project.
[info] 
[debug] [2023-08-15T08:14:42.045Z] >>> [apiv2][query] GET https://firebase.googleapis.com/v1beta1/projects pageSize=100
[debug] [2023-08-15T08:14:42.983Z] <<< [apiv2][status] GET https://firebase.googleapis.com/v1beta1/projects 200
[debug] [2023-08-15T08:14:42.984Z] <<< [apiv2][body] GET https://firebase.googleapis.com/v1beta1/projects [omitted]
[info] i  Using project my-game-a9c22 (MY GAME) 
[info] 
=== Hosting Setup
[info] 
[info] Your public directory is the folder (relative to your project directory) that
[info] will contain Hosting assets to be uploaded with firebase deploy. If you
[info] have a build process for your assets, use your build's output directory.
[info] 
[info] +  Wrote public/404.html 
[debug] [2023-08-15T08:15:42.140Z] >>> [apiv2][query] GET https://www.gstatic.com/firebasejs/releases.json [none]
[debug] [2023-08-15T08:15:42.716Z] <<< [apiv2][status] GET https://www.gstatic.com/firebasejs/releases.json 200
[debug] [2023-08-15T08:15:42.716Z] <<< [apiv2][body] GET https://www.gstatic.com/firebasejs/releases.json {"current":{"version":"10.1.0","browserURL":"https://www.gstatic.com/firebasejs/10.1.0/firebase.js","packageURL":"https://www.gstatic.com/firebasejs/10.1.0/firebase.tgz"},"live":{"version":"10.1","browserURL":"https://www.gstatic.com/firebasejs/live/10.1/firebase.js","packageURL":"https://www.gstatic.com/firebasejs/live/10.1/firebase.tgz"},"components":{"analytics":"https://www.gstatic.com/firebasejs/10.1.0/firebase-analytics.js","app":"https://www.gstatic.com/firebasejs/10.1.0/firebase-app.js","app-check":"https://www.gstatic.com/firebasejs/10.1.0/firebase-app-check.js","auth":"https://www.gstatic.com/firebasejs/10.1.0/firebase-auth.js","auth/cordova":"https://www.gstatic.com/firebasejs/10.1.0/firebase-auth/cordova.js","functions":"https://www.gstatic.com/firebasejs/10.1.0/firebase-functions.js","firestore":"https://www.gstatic.com/firebasejs/10.1.0/firebase-firestore.js","firestore/lite":"https://www.gstatic.com/firebasejs/10.1.0/firebase-firestore/lite.js","installations":"https://www.gstatic.com/firebasejs/10.1.0/firebase-installations.js","storage":"https://www.gstatic.com/firebasejs/10.1.0/firebase-storage.js","performance":"https://www.gstatic.com/firebasejs/10.1.0/firebase-performance.js","remote-config":"https://www.gstatic.com/firebasejs/10.1.0/firebase-remote-config.js","messaging":"https://www.gstatic.com/firebasejs/10.1.0/firebase-messaging.js","messaging/sw":"https://www.gstatic.com/firebasejs/10.1.0/firebase-messaging/sw.js","database":"https://www.gstatic.com/firebasejs/10.1.0/firebase-database.js","firestore.memory":"https://www.gstatic.com/firebasejs/10.1.0/firebase-firestore.memory.js"}}
[info] +  Wrote public/index.html 
[info] 
[info] i  Didn't detect a .git folder. Assuming D:\GAME-2 is the project root. 
[info] i  Authorizing with GitHub to upload your service account to a GitHub repository's secrets store. 
[info] 
[info] Visit this URL on this device to log in:
[info] https://github.com/login/oauth/authorize?client_id=89cf50f02ac6aaed3484&state=241474088&redirect_uri=http%3A%2F%2Flocalhost%3A9005&scope=read%3Auser%20repo%20public_repo
[info] 
[info] Waiting for authentication...
[debug] [2023-08-15T08:15:58.822Z] >>> [apiv2][query] POST https://github.com/login/oauth/access_token [none]
[debug] [2023-08-15T08:15:58.822Z] >>> [apiv2][body] POST https://github.com/login/oauth/access_token [stream]
[debug] [2023-08-15T08:15:59.418Z] <<< [apiv2][status] POST https://github.com/login/oauth/access_token 200
[debug] [2023-08-15T08:15:59.419Z] <<< [apiv2][body] POST https://github.com/login/oauth/access_token {"access_token":"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","token_type":"bearer","scope":"read:user,repo"}
[debug] [2023-08-15T08:15:59.430Z] >>> [apiv2][query] GET https://api.github.com/user [none]
[debug] [2023-08-15T08:15:59.985Z] <<< [apiv2][status] GET https://api.github.com/user 200
[debug] [2023-08-15T08:15:59.986Z] <<< [apiv2][body] GET https://api.github.com/user {"login":"Genymede","id":113581694,"node_id":"U_kgDOBsUefg","avatar_url":"https://avatars.githubusercontent.com/u/113581694?v=4","gravatar_id":"","url":"https://api.github.com/users/Genymede","html_url":"https://github.com/Genymede","followers_url":"https://api.github.com/users/Genymede/followers","following_url":"https://api.github.com/users/Genymede/following{/other_user}","gists_url":"https://api.github.com/users/Genymede/gists{/gist_id}","starred_url":"https://api.github.com/users/Genymede/starred{/owner}{/repo}","subscriptions_url":"https://api.github.com/users/Genymede/subscriptions","organizations_url":"https://api.github.com/users/Genymede/orgs","repos_url":"https://api.github.com/users/Genymede/repos","events_url":"https://api.github.com/users/Genymede/events{/privacy}","received_events_url":"https://api.github.com/users/Genymede/received_events","type":"User","site_admin":false,"name":"Ganymede","company":null,"blog":"","location":null,"email":null,"hireable":null,"bio":null,"twitter_username":null,"public_repos":5,"public_gists":0,"followers":0,"following":0,"created_at":"2022-09-15T06:45:08Z","updated_at":"2023-08-14T11:28:49Z","private_gists":0,"total_private_repos":1,"owned_private_repos":1,"disk_usage":1,"collaborators":0,"two_factor_authentication":false,"plan":{"name":"free","space":976562499,"collaborators":0,"private_repos":10000}}
[info] 
[info] +  Success! Logged into GitHub as Genymede 
[info] 
